<?xml version="1.0" encoding="UTF-8"?>
<!-- Generated by org.testng.reporters.JUnitXMLReporter -->
<testsuite ignored="0" hostname="Chocos-MacBook-Pro.local" failures="1" tests="2" name="Default test" time="14.804" errors="0" timestamp="2024-09-25T11:55:39 ICT">
  <testcase classname="io.cucumber.testng.AbstractTestNGCucumberTests" name="runScenario" time="6.234">
    <failure type="java.lang.AssertionError" message="expected [Incorrect email or password.] but found [Incorrect email or password]">
      <![CDATA[java.lang.AssertionError: expected [Incorrect email or password.] but found [Incorrect email or password]
at org.testng.Assert.fail(Assert.java:99)
at org.testng.Assert.failNotEquals(Assert.java:1037)
at org.testng.Assert.assertEqualsImpl(Assert.java:140)
at org.testng.Assert.assertEquals(Assert.java:122)
at org.testng.Assert.assertEquals(Assert.java:629)
at org.testng.Assert.assertEquals(Assert.java:639)
at rahulshettyacademy.stepDefinitions.StepDefinitionImpl.something_message_is_displayed(StepDefinitionImpl.java:65)
at âœ½."Incorrect email or password." message is displayed(file:///Users/choco/eclipse-workspace/SeleniumFrameworkDesign/src/test/java/cucumber/ErrorValidation.feature:9)
]]>
    </failure>
  </testcase> <!-- runScenario -->
  <testcase classname="io.cucumber.testng.AbstractTestNGCucumberTests" name="runScenario" time="8.378"/>
</testsuite> <!-- Default test -->
