<?xml version="1.0" encoding="UTF-8"?>
<testng-results ignored="0" total="2" passed="1" failed="1" skipped="0">
  <reporter-output>
  </reporter-output>
  <suite started-at="2024-09-25T11:55:19 ICT" name="Default suite" finished-at="2024-09-25T11:55:34 ICT" duration-ms="14804">
    <groups>
      <group name="cucumber">
        <method signature="AbstractTestNGCucumberTests.runScenario(io.cucumber.testng.PickleWrapper,io.cucumber.testng.FeatureWrapper)[pri:0, instance:cucumber.TestNgCucumber@5e82df6a]" name="runScenario" class="io.cucumber.testng.AbstractTestNGCucumberTests"/>
      </group> <!-- cucumber -->
    </groups>
    <test started-at="2024-09-25T11:55:19 ICT" name="Default test" finished-at="2024-09-25T11:55:34 ICT" duration-ms="14804">
      <class name="cucumber.TestNgCucumber">
        <test-method is-config="true" signature="setUpClass(org.testng.ITestContext)[pri:0, instance:cucumber.TestNgCucumber@5e82df6a]" started-at="2024-09-25T11:55:19 ICT" name="setUpClass" finished-at="2024-09-25T11:55:19 ICT" duration-ms="169" status="PASS">
          <params>
            <param index="0">
              <value>
                <![CDATA[org.testng.TestRunner@181d8899]]>
              </value>
            </param>
          </params>
          <reporter-output>
          </reporter-output>
        </test-method> <!-- setUpClass -->
        <test-method signature="runScenario(io.cucumber.testng.PickleWrapper,io.cucumber.testng.FeatureWrapper)[pri:0, instance:cucumber.TestNgCucumber@5e82df6a]" started-at="2024-09-25T11:55:19 ICT" name="runScenario" description="Runs Cucumber Scenarios" data-provider="scenarios" finished-at="2024-09-25T11:55:26 ICT" duration-ms="6234" status="FAIL">
          <params>
            <param index="0">
              <value>
                <![CDATA["Login with wrong password"]]>
              </value>
            </param>
            <param index="1">
              <value>
                <![CDATA["Error Validation"]]>
              </value>
            </param>
          </params>
          <exception class="java.lang.AssertionError">
            <message>
              <![CDATA[expected [Incorrect email or password.] but found [Incorrect email or password]]]>
            </message>
            <full-stacktrace>
              <![CDATA[java.lang.AssertionError: expected [Incorrect email or password.] but found [Incorrect email or password]
at org.testng.Assert.fail(Assert.java:99)
at org.testng.Assert.failNotEquals(Assert.java:1037)
at org.testng.Assert.assertEqualsImpl(Assert.java:140)
at org.testng.Assert.assertEquals(Assert.java:122)
at org.testng.Assert.assertEquals(Assert.java:629)
at org.testng.Assert.assertEquals(Assert.java:639)
at rahulshettyacademy.stepDefinitions.StepDefinitionImpl.something_message_is_displayed(StepDefinitionImpl.java:65)
at âœ½."Incorrect email or password." message is displayed(file:///Users/choco/eclipse-workspace/SeleniumFrameworkDesign/src/test/java/cucumber/ErrorValidation.feature:9)
]]>
            </full-stacktrace>
          </exception> <!-- java.lang.AssertionError -->
          <reporter-output>
          </reporter-output>
        </test-method> <!-- runScenario -->
        <test-method signature="runScenario(io.cucumber.testng.PickleWrapper,io.cucumber.testng.FeatureWrapper)[pri:0, instance:cucumber.TestNgCucumber@5e82df6a]" started-at="2024-09-25T11:55:26 ICT" name="runScenario" description="Runs Cucumber Scenarios" data-provider="scenarios" finished-at="2024-09-25T11:55:34 ICT" duration-ms="8378" status="PASS">
          <params>
            <param index="0">
              <value>
                <![CDATA["Positive case"]]>
              </value>
            </param>
            <param index="1">
              <value>
                <![CDATA["Purchase Order from ecommerce"]]>
              </value>
            </param>
          </params>
          <reporter-output>
          </reporter-output>
        </test-method> <!-- runScenario -->
        <test-method is-config="true" signature="tearDownClass()[pri:0, instance:cucumber.TestNgCucumber@5e82df6a]" started-at="2024-09-25T11:55:34 ICT" name="tearDownClass" finished-at="2024-09-25T11:55:34 ICT" duration-ms="12" status="PASS">
          <reporter-output>
          </reporter-output>
        </test-method> <!-- tearDownClass -->
      </class> <!-- cucumber.TestNgCucumber -->
    </test> <!-- Default test -->
  </suite> <!-- Default suite -->
</testng-results>
